<?xml version="1.0" encoding="UTF-8"?>
<!-- Generated by org.testng.reporters.JUnitReportReporter -->
<testsuite hostname="Twist-Resourcess-iMac.local" name="com.test.ValuationCascadeTest" tests="1" failures="0" timestamp="6 Feb 2014 09:24:25 GMT" time="122.470" errors="0">
  <testcase name="testValuation" time="122.470" classname="com.test.ValuationCascadeTest"/>
</testsuite> <!-- com.test.ValuationCascadeTest -->
