<?xml version="1.0" encoding="UTF-8"?>
<!-- Generated by org.testng.reporters.JUnitReportReporter -->
<testsuite hostname="Twist-Resourcess-iMac.local" name="com.test.PhoenixSmokeTestGreen" tests="1" failures="0" timestamp="28 Feb 2014 06:28:22 GMT" time="31.147" errors="0">
  <testcase name="PhoenixSmokeTestGreen" time="31.147" classname="com.test.PhoenixSmokeTestGreen"/>
</testsuite> <!-- com.test.PhoenixSmokeTestGreen -->
