<?xml version="1.0" encoding="UTF-8"?>
<!-- Generated by org.testng.reporters.JUnitReportReporter -->
<testsuite hostname="maya.local" name="com.test.PhoenixSmokeTest" tests="1" failures="0" timestamp="13 Feb 2014 08:49:30 GMT" time="23.862" errors="0">
  <testcase name="testSmoke" time="23.862" classname="com.test.PhoenixSmokeTest"/>
</testsuite> <!-- com.test.PhoenixSmokeTest -->
