<?xml version="1.0" encoding="UTF-8"?>
<!-- Generated by org.testng.reporters.JUnitReportReporter -->
<testsuite hostname="maya.local" name="com.test.BusinessRegistration" tests="1" failures="0" timestamp="19 Feb 2014 05:52:44 GMT" time="37.768" errors="0">
  <testcase name="UserRegistration" time="37.768" classname="com.test.BusinessRegistration"/>
</testsuite> <!-- com.test.BusinessRegistration -->
