<?xml version="1.0" encoding="UTF-8"?>
<!-- Generated by org.testng.reporters.JUnitReportReporter -->
<testsuite hostname="Pavan-PC" name="myrpdata.propertyPostCodeSearch" tests="1" failures="0" timestamp="11 Dec 2013 04:13:09 GMT" time="9.487" errors="0">
  <testcase name="propertyPostCodeSearchTest" time="9.487" classname="myrpdata.propertyPostCodeSearch"/>
</testsuite> <!-- myrpdata.propertyPostCodeSearch -->
