<?xml version="1.0" encoding="UTF-8"?>
<!-- Generated by org.testng.reporters.JUnitReportReporter -->
<testsuite hostname="Twist-Resourcess-iMac.local" name="com.test.ValuationTest" tests="4" failures="0" timestamp="6 Feb 2014 08:01:30 GMT" time="4.744" errors="0">
  <testcase name="testValuation" time="0.594" classname="com.test.ValuationTest"/>
  <testcase name="testValuation" time="0.386" classname="com.test.ValuationTest"/>
  <testcase name="testValuation" time="0.806" classname="com.test.ValuationTest"/>
  <testcase name="testValuation" time="2.958" classname="com.test.ValuationTest"/>
</testsuite> <!-- com.test.ValuationTest -->
