<?xml version="1.0" encoding="UTF-8"?>
<!-- Generated by org.testng.reporters.JUnitReportReporter -->
<testsuite hostname="maya.local" name="com.test.UserRegistration" tests="1" failures="0" timestamp="12 Mar 2014 08:13:23 GMT" time="23.104" errors="0">
  <testcase name="UserRegistration" time="23.104" classname="com.test.UserRegistration"/>
</testsuite> <!-- com.test.UserRegistration -->
